2025-10-04 13:05:14,282 [INFO] Activator:176 - 


2025-10-04 13:05:14,284 [INFO] Activator:177 - !SESSION log4j initialized
2025-10-04 13:05:15,809 [ERROR] LogOutputStream:75 - [STDERR_REDIRECT] 
2025-10-04 13:05:22,748 [INFO] LogOutputStream:77 - [STDOUT_REDIRECT] 
2025-10-04 13:05:25,414 [INFO] ApplicationProperties:184 - Using Application install path: /Applications/STM32CubeIDE.app/Contents/Eclipse/plugins/com.st.stm32cube.common.mx_6.14.1.202504091515
2025-10-04 13:05:25,427 [INFO] DbMcusXml:78 - Set database path to: /Applications/STM32CubeIDE.app/Contents/Eclipse/plugins/com.st.stm32cube.common.mx_6.14.1.202504091515//db//mcu/
2025-10-04 13:05:25,428 [INFO] ApiDb:274 - Set plugin database path to: /Applications/STM32CubeIDE.app/Contents/Eclipse/plugins/com.st.stm32cube.common.mx_6.14.1.202504091515//db//plugins/boardmanager/
2025-10-04 13:05:25,429 [WARN] ApiDb:259 - Overriding images path with different value:  => /Applications/STM32CubeIDE.app/Contents/Eclipse/plugins/com.st.stm32cube.common.mx_6.14.1.202504091515//db//plugins/mcufinder/images/
2025-10-04 13:05:25,433 [INFO] ApiDb:250 - Set database path to: /Users/sadash/.stmcufinder/plugins/mcufinder//mcu/
2025-10-04 13:05:25,434 [INFO] DbMcusAds:125 - Set database path to: /Users/sadash/.stmcufinder/plugins/mcufinder//mcu/
2025-10-04 13:05:25,435 [INFO] CrossReferenceDbSqlite:203 - Set database path to: /Users/sadash/.stmcufinder/plugins/mcufinder//mcu/cs/
2025-10-04 13:05:25,561 [INFO] RulesReader:64 - Compatibility file has been processed (302 Rules)
2025-10-04 13:05:25,635 [INFO] DbMcusXml:78 - Set database path to: /Applications/STM32CubeIDE.app/Contents/Eclipse/plugins/com.st.stm32cube.common.mx_6.14.1.202504091515//db//mcu/
2025-10-04 13:05:25,635 [INFO] ApiDb:274 - Set plugin database path to: /Applications/STM32CubeIDE.app/Contents/Eclipse/plugins/com.st.stm32cube.common.mx_6.14.1.202504091515//db//plugins/boardmanager/
2025-10-04 13:05:25,636 [INFO] ApiDb:261 - Set plugin images path to: /Applications/STM32CubeIDE.app/Contents/Eclipse/plugins/com.st.stm32cube.common.mx_6.14.1.202504091515//db//plugins/mcufinder/images/
2025-10-04 13:05:25,636 [WARN] DbFile:41 - Overriding database path with different value: /Users/sadash/.stmcufinder/plugins/mcufinder/ => /Users/sadash/.stmcufinder/plugins/mcufinder
2025-10-04 13:05:25,636 [INFO] ApiDb:250 - Set database path to: /Users/sadash/.stmcufinder/plugins/mcufinder//mcu/
2025-10-04 13:05:25,636 [WARN] DbFile:41 - Overriding database path with different value: /Users/sadash/.stmcufinder/plugins/mcufinder/ => /Users/sadash/.stmcufinder/plugins/mcufinder
2025-10-04 13:05:25,636 [INFO] DbMcusAds:125 - Set database path to: /Users/sadash/.stmcufinder/plugins/mcufinder//mcu/
2025-10-04 13:05:25,636 [WARN] DbFile:41 - Overriding database path with different value: /Users/sadash/.stmcufinder/plugins/mcufinder/ => /Users/sadash/.stmcufinder/plugins/mcufinder
2025-10-04 13:05:25,636 [WARN] DbFile:41 - Overriding database path with different value: /Users/sadash/.stmcufinder/plugins/mcufinder/ => /Users/sadash/.stmcufinder/plugins/mcufinder
2025-10-04 13:05:25,636 [INFO] CrossReferenceDbSqlite:203 - Set database path to: /Users/sadash/.stmcufinder/plugins/mcufinder//mcu/cs/
2025-10-04 13:05:25,701 [INFO] MainPanel:272 - HeapMemory: 403701760
2025-10-04 13:05:26,143 [INFO] DbMcusXml:78 - Set database path to: /Applications/STM32CubeIDE.app/Contents/Eclipse/plugins/com.st.stm32cube.common.mx_6.14.1.202504091515//db//mcu/
2025-10-04 13:05:26,144 [INFO] ApiDb:274 - Set plugin database path to: /Applications/STM32CubeIDE.app/Contents/Eclipse/plugins/com.st.stm32cube.common.mx_6.14.1.202504091515//db//plugins/boardmanager/
2025-10-04 13:05:26,144 [INFO] ApiDb:261 - Set plugin images path to: /Applications/STM32CubeIDE.app/Contents/Eclipse/plugins/com.st.stm32cube.common.mx_6.14.1.202504091515//db//plugins/mcufinder/images/
2025-10-04 13:05:26,144 [WARN] DbFile:41 - Overriding database path with different value: /Users/sadash/.stmcufinder/plugins/mcufinder/ => /Users/sadash/.stmcufinder/plugins/mcufinder
2025-10-04 13:05:26,144 [INFO] ApiDb:250 - Set database path to: /Users/sadash/.stmcufinder/plugins/mcufinder//mcu/
2025-10-04 13:05:26,144 [WARN] DbFile:41 - Overriding database path with different value: /Users/sadash/.stmcufinder/plugins/mcufinder/ => /Users/sadash/.stmcufinder/plugins/mcufinder
2025-10-04 13:05:26,144 [INFO] DbMcusAds:125 - Set database path to: /Users/sadash/.stmcufinder/plugins/mcufinder//mcu/
2025-10-04 13:05:26,144 [WARN] DbFile:41 - Overriding database path with different value: /Users/sadash/.stmcufinder/plugins/mcufinder/ => /Users/sadash/.stmcufinder/plugins/mcufinder
2025-10-04 13:05:26,144 [WARN] DbFile:41 - Overriding database path with different value: /Users/sadash/.stmcufinder/plugins/mcufinder/ => /Users/sadash/.stmcufinder/plugins/mcufinder
2025-10-04 13:05:26,144 [INFO] CrossReferenceDbSqlite:203 - Set database path to: /Users/sadash/.stmcufinder/plugins/mcufinder//mcu/cs/
2025-10-04 13:05:26,161 [INFO] ApplicationProperties:184 - Using Application install path: /Applications/STM32CubeIDE.app/Contents/Eclipse/plugins/com.st.stm32cube.common.mx_6.14.1.202504091515
2025-10-04 13:05:26,162 [INFO] PluginManage:196 - Search for loadable plugins [exclusion list=, ]
2025-10-04 13:05:26,163 [INFO] PluginManage:310 - Check plugin analytics
2025-10-04 13:05:26,347 [INFO] AnalyticsPlugin:253 - Accepted Software Licenses: 
2025-10-04 13:05:26,348 [INFO] AnalyticsPlugin:255 - Accepted CMSIS Pack Licenses: 
2025-10-04 13:05:26,348 [INFO] AnalyticsPlugin:257 - Accepted Firmware Licenses: FW.F4.1.28.0
2025-10-04 13:05:26,351 [INFO] PluginManage:359 - Loaded plugin analytics (category:tool,tabindex:-1)
2025-10-04 13:05:26,353 [INFO] PluginManage:310 - Check plugin cadmodel
2025-10-04 13:05:26,364 [INFO] CADModel:105 - Init CAD model plugin
2025-10-04 13:05:26,365 [INFO] PluginManage:359 - Loaded plugin cadmodel (category:power,tabindex:5)
2025-10-04 13:05:26,365 [INFO] PluginManage:310 - Check plugin clock
2025-10-04 13:05:26,374 [INFO] PluginManage:359 - Loaded plugin clock (category:base,tabindex:2)
2025-10-04 13:05:26,374 [INFO] PluginManage:310 - Check plugin ddr
2025-10-04 13:05:26,376 [INFO] PluginManage:359 - Loaded plugin ddr (category:tool,tabindex:6)
2025-10-04 13:05:26,376 [INFO] PluginManage:310 - Check plugin filemanager
2025-10-04 13:05:26,817 [INFO] PluginManage:359 - Loaded plugin filemanager (category:base,tabindex:10)
2025-10-04 13:05:26,820 [INFO] PluginManage:310 - Check plugin ipmanager
2025-10-04 13:05:26,863 [INFO] PluginManage:359 - Loaded plugin ipmanager (category:base,tabindex:5)
2025-10-04 13:05:26,864 [INFO] PluginManage:310 - Check plugin lpbam
2025-10-04 13:05:26,884 [INFO] PluginManage:359 - Loaded plugin lpbam (category:base,tabindex:0)
2025-10-04 13:05:26,884 [INFO] PluginManage:310 - Check plugin memorymap
2025-10-04 13:05:26,897 [INFO] PluginManage:359 - Loaded plugin memorymap (category:base,tabindex:4)
2025-10-04 13:05:26,897 [INFO] PluginManage:310 - Check plugin pinoutandconfiguration
2025-10-04 13:05:26,903 [INFO] PluginManage:359 - Loaded plugin pinoutandconfiguration (category:base,tabindex:1)
2025-10-04 13:05:26,904 [INFO] PluginManage:310 - Check plugin pinoutconfig
2025-10-04 13:05:26,993 [WARN] SupportedApi:132 - Cannot load RTOS API schema: s4s-elt-must-match.1: The content of 'definitions' must match (annotation?, (simpleType | complexType)?, (unique | key | keyref)*)). A problem was found starting at: attribute.
2025-10-04 13:05:27,163 [INFO] PluginManage:359 - Loaded plugin pinoutconfig (category:base,tabindex:0)
2025-10-04 13:05:27,163 [INFO] PluginManage:310 - Check plugin power
2025-10-04 13:05:27,176 [INFO] PluginManage:359 - Loaded plugin power (category:power,tabindex:4)
2025-10-04 13:05:27,176 [INFO] PluginManage:310 - Check plugin projectmanager
2025-10-04 13:05:27,203 [INFO] PluginManage:359 - Loaded plugin projectmanager (category:projectmanager,tabindex:4)
2025-10-04 13:05:27,203 [INFO] PluginManage:310 - Check plugin rif
2025-10-04 13:05:27,208 [INFO] PluginManage:359 - Loaded plugin rif (category:base,tabindex:3)
2025-10-04 13:05:27,208 [INFO] PluginManage:310 - Check plugin thirdparty
2025-10-04 13:05:27,359 [INFO] PluginManage:359 - Loaded plugin thirdparty (category:base,tabindex:-1)
2025-10-04 13:05:27,359 [INFO] PluginManage:310 - Check plugin tools
2025-10-04 13:05:27,362 [INFO] PluginManage:359 - Loaded plugin tools (category:base,tabindex:7)
2025-10-04 13:05:27,362 [INFO] PluginManage:310 - Check plugin tutovideos
2025-10-04 13:05:27,359 [WARN] IntegrityCheckThread:84 - waiting for thirdparty lock release [integrity check]
2025-10-04 13:05:27,363 [INFO] IntegrityCheckThread:86 - entering critical section [integrity check]
2025-10-04 13:05:27,364 [INFO] ThirdPartyUpdaterWithRetryManager:70 - Updater plugin not ready yet. [1/15]
2025-10-04 13:05:27,511 [INFO] PluginManage:359 - Loaded plugin tutovideos (category:base,tabindex:-1)
2025-10-04 13:05:27,511 [INFO] PluginManage:310 - Check plugin updater
2025-10-04 13:05:27,544 [INFO] PluginManage:359 - Loaded plugin updater (category:base,tabindex:12)
2025-10-04 13:05:27,544 [INFO] PluginManage:310 - Check plugin userauth
2025-10-04 13:05:27,551 [INFO] UserAuth:118 - Init User Auth plugin
2025-10-04 13:05:27,553 [INFO] PluginManage:359 - Loaded plugin userauth (category:base,tabindex:14)
2025-10-04 13:05:27,554 [INFO] PluginManage:283 - PluginManage : Loaded plugins [18]
2025-10-04 13:05:27,786 [INFO] PinOutPanel:1589 - setPackage(No Configuration,No Configuration)
2025-10-04 13:05:27,858 [INFO] CADModel:165 - CPN selected for project level
2025-10-04 13:05:27,858 [INFO] CADModel:114 - Register for checkConnection events
2025-10-04 13:05:27,871 [INFO] IPUIPlugin:80 - create IPUIPlugin
2025-10-04 13:05:27,872 [INFO] PluginManager:220 - loadIPPluginJar : add mdma
2025-10-04 13:05:27,877 [INFO] IPUIPlugin:80 - create IPUIPlugin
2025-10-04 13:05:27,877 [INFO] PluginManager:220 - loadIPPluginJar : add freertos
2025-10-04 13:05:27,881 [INFO] IPUIPlugin:80 - create IPUIPlugin
2025-10-04 13:05:27,881 [INFO] PluginManager:220 - loadIPPluginJar : add gic
2025-10-04 13:05:27,889 [INFO] IPUIPlugin:80 - create IPUIPlugin
2025-10-04 13:05:27,889 [INFO] PluginManager:220 - loadIPPluginJar : add adc
2025-10-04 13:05:27,891 [INFO] IPUIPlugin:80 - create IPUIPlugin
2025-10-04 13:05:27,891 [INFO] PluginManager:220 - loadIPPluginJar : add gtzc
2025-10-04 13:05:27,892 [INFO] IPUIPlugin:80 - create IPUIPlugin
2025-10-04 13:05:27,892 [INFO] PluginManager:220 - loadIPPluginJar : add quadspi
2025-10-04 13:05:27,894 [INFO] IPUIPlugin:80 - create IPUIPlugin
2025-10-04 13:05:27,894 [INFO] PluginManager:220 - loadIPPluginJar : add aes
2025-10-04 13:05:27,896 [INFO] IPUIPlugin:80 - create IPUIPlugin
2025-10-04 13:05:27,896 [INFO] PluginManager:220 - loadIPPluginJar : add pdm2pcm
2025-10-04 13:05:27,897 [INFO] IPUIPlugin:80 - create IPUIPlugin
2025-10-04 13:05:27,897 [INFO] PluginManager:220 - loadIPPluginJar : add hash
2025-10-04 13:05:27,898 [INFO] IPUIPlugin:80 - create IPUIPlugin
2025-10-04 13:05:27,898 [INFO] PluginManager:220 - loadIPPluginJar : add tim
2025-10-04 13:05:27,899 [INFO] IPUIPlugin:80 - create IPUIPlugin
2025-10-04 13:05:27,899 [INFO] PluginManager:220 - loadIPPluginJar : add tsc
2025-10-04 13:05:27,900 [INFO] IPUIPlugin:80 - create IPUIPlugin
2025-10-04 13:05:27,900 [INFO] PluginManager:220 - loadIPPluginJar : add extmemmanager
2025-10-04 13:05:27,902 [INFO] IPUIPlugin:80 - create IPUIPlugin
2025-10-04 13:05:27,902 [INFO] PluginManager:220 - loadIPPluginJar : add ts
2025-10-04 13:05:27,903 [INFO] IPUIPlugin:80 - create IPUIPlugin
2025-10-04 13:05:27,903 [INFO] PluginManager:220 - loadIPPluginJar : add radio
2025-10-04 13:05:27,904 [INFO] IPUIPlugin:80 - create IPUIPlugin
2025-10-04 13:05:27,904 [INFO] PluginManager:220 - loadIPPluginJar : add can
2025-10-04 13:05:27,906 [INFO] IPUIPlugin:80 - create IPUIPlugin
2025-10-04 13:05:27,906 [INFO] PluginManager:220 - loadIPPluginJar : add dma3
2025-10-04 13:05:27,907 [INFO] IPUIPlugin:80 - create IPUIPlugin
2025-10-04 13:05:27,907 [INFO] PluginManager:220 - loadIPPluginJar : add dfsdm
2025-10-04 13:05:27,909 [INFO] IPUIPlugin:80 - create IPUIPlugin
2025-10-04 13:05:27,910 [INFO] PluginManager:220 - loadIPPluginJar : add spi
2025-10-04 13:05:27,911 [INFO] IPUIPlugin:80 - create IPUIPlugin
2025-10-04 13:05:27,911 [INFO] PluginManager:220 - loadIPPluginJar : add gfxmmu
2025-10-04 13:05:27,912 [INFO] IPUIPlugin:80 - create IPUIPlugin
2025-10-04 13:05:27,912 [INFO] PluginManager:220 - loadIPPluginJar : add genericplugin
2025-10-04 13:05:27,913 [INFO] IPUIPlugin:80 - create IPUIPlugin
2025-10-04 13:05:27,913 [INFO] PluginManager:220 - loadIPPluginJar : add cryp
2025-10-04 13:05:27,915 [INFO] IPUIPlugin:80 - create IPUIPlugin
2025-10-04 13:05:27,916 [INFO] PluginManager:220 - loadIPPluginJar : add gpio
2025-10-04 13:05:27,918 [INFO] IPUIPlugin:80 - create IPUIPlugin
2025-10-04 13:05:27,918 [INFO] PluginManager:220 - loadIPPluginJar : add ddr_ctrl_phy
2025-10-04 13:05:27,919 [INFO] IPUIPlugin:80 - create IPUIPlugin
2025-10-04 13:05:27,920 [INFO] PluginManager:220 - loadIPPluginJar : add comp
2025-10-04 13:05:27,921 [INFO] IPUIPlugin:80 - create IPUIPlugin
2025-10-04 13:05:27,922 [INFO] PluginManager:220 - loadIPPluginJar : add tracer_emb
2025-10-04 13:05:27,924 [INFO] IPUIPlugin:80 - create IPUIPlugin
2025-10-04 13:05:27,924 [INFO] PluginManager:220 - loadIPPluginJar : add openamp
2025-10-04 13:05:27,928 [INFO] IPUIPlugin:80 - create IPUIPlugin
2025-10-04 13:05:27,928 [INFO] PluginManager:220 - loadIPPluginJar : add stm32_wpan
2025-10-04 13:05:27,932 [INFO] IPUIPlugin:80 - create IPUIPlugin
2025-10-04 13:05:27,934 [INFO] PluginManager:220 - loadIPPluginJar : add plateformsettings
2025-10-04 13:05:27,936 [INFO] IPUIPlugin:80 - create IPUIPlugin
2025-10-04 13:05:27,936 [INFO] PluginManager:220 - loadIPPluginJar : add ipddr
2025-10-04 13:05:27,938 [INFO] IPUIPlugin:80 - create IPUIPlugin
2025-10-04 13:05:27,938 [INFO] PluginManager:220 - loadIPPluginJar : add usart
2025-10-04 13:05:27,939 [INFO] IPUIPlugin:80 - create IPUIPlugin
2025-10-04 13:05:27,939 [INFO] PluginManager:220 - loadIPPluginJar : add ltdc
2025-10-04 13:05:27,940 [INFO] IPUIPlugin:80 - create IPUIPlugin
2025-10-04 13:05:27,941 [INFO] PluginManager:220 - loadIPPluginJar : add nvic
2025-10-04 13:05:27,942 [INFO] IPUIPlugin:80 - create IPUIPlugin
2025-10-04 13:05:27,942 [INFO] PluginManager:220 - loadIPPluginJar : add fatfs
2025-10-04 13:05:27,946 [INFO] IPUIPlugin:80 - create IPUIPlugin
2025-10-04 13:05:27,946 [INFO] PluginManager:220 - loadIPPluginJar : add linkedlist
2025-10-04 13:05:27,949 [INFO] IPUIPlugin:80 - create IPUIPlugin
2025-10-04 13:05:27,949 [INFO] PluginManager:220 - loadIPPluginJar : add dma
2025-10-04 13:05:27,952 [INFO] IPUIPlugin:80 - create IPUIPlugin
2025-10-04 13:05:27,952 [INFO] PluginManager:220 - loadIPPluginJar : add fmc
2025-10-04 13:05:27,953 [INFO] IPUIPlugin:80 - create IPUIPlugin
2025-10-04 13:05:27,953 [INFO] PluginManager:220 - loadIPPluginJar : add i2s
2025-10-04 13:05:27,954 [INFO] IPUIPlugin:80 - create IPUIPlugin
2025-10-04 13:05:27,954 [INFO] PluginManager:220 - loadIPPluginJar : add ucpd
2025-10-04 13:05:27,955 [INFO] IPUIPlugin:80 - create IPUIPlugin
2025-10-04 13:05:27,955 [INFO] PluginManager:220 - loadIPPluginJar : add lorawan
2025-10-04 13:05:27,957 [INFO] IPUIPlugin:80 - create IPUIPlugin
2025-10-04 13:05:27,957 [INFO] PluginManager:220 - loadIPPluginJar : add opamp
2025-10-04 13:05:27,959 [INFO] IPUIPlugin:80 - create IPUIPlugin
2025-10-04 13:05:27,959 [INFO] PluginManager:220 - loadIPPluginJar : add i3c
2025-10-04 13:05:27,962 [INFO] IPUIPlugin:80 - create IPUIPlugin
2025-10-04 13:05:27,962 [INFO] PluginManager:220 - loadIPPluginJar : add touchsensing
2025-10-04 13:05:27,963 [INFO] IPUIPlugin:80 - create IPUIPlugin
2025-10-04 13:05:27,963 [INFO] PluginManager:220 - loadIPPluginJar : add i2c
2025-10-04 13:05:27,965 [INFO] IPUIPlugin:80 - create IPUIPlugin
2025-10-04 13:05:27,965 [INFO] PluginManager:220 - loadIPPluginJar : add resmgrutility
2025-10-04 13:05:27,970 [INFO] IPUIPlugin:80 - create IPUIPlugin
2025-10-04 13:05:27,971 [INFO] PluginManager:220 - loadIPPluginJar : add sai
2025-10-04 13:05:27,972 [INFO] IPUIPlugin:80 - create IPUIPlugin
2025-10-04 13:05:27,972 [INFO] PluginManager:220 - loadIPPluginJar : add usbx
2025-10-04 13:05:28,089 [FATAL] Updater:351 - Updater called before beeing initialized
2025-10-04 13:05:28,140 [INFO] RulesReader:64 - Compatibility file has been processed (302 Rules)
2025-10-04 13:05:28,158 [INFO] RulesReader:64 - Compatibility file has been processed (302 Rules)
2025-10-04 13:05:28,171 [INFO] CADModel:165 - CPN selected for project level
2025-10-04 13:05:28,172 [INFO] CADModel:114 - Register for checkConnection events
2025-10-04 13:05:28,172 [FATAL] Updater:351 - Updater called before beeing initialized
2025-10-04 13:05:28,172 [ERROR] CADModel:125 - Updater not yet initialized, retry later 
2025-10-04 13:05:28,418 [FATAL] Updater:351 - Updater called before beeing initialized
2025-10-04 13:05:28,419 [INFO] CADModel:165 - CPN selected for project level
2025-10-04 13:05:28,419 [INFO] CADModel:114 - Register for checkConnection events
2025-10-04 13:05:28,419 [FATAL] Updater:351 - Updater called before beeing initialized
2025-10-04 13:05:28,419 [ERROR] CADModel:125 - Updater not yet initialized, retry later 
2025-10-04 13:05:28,422 [FATAL] Updater:351 - Updater called before beeing initialized
2025-10-04 13:05:28,567 [FATAL] Updater:351 - Updater called before beeing initialized
2025-10-04 13:05:28,572 [INFO] DbMcusAds:53 - JSON generation date=Wed May 07 14:37:55 IST 2025 (1746608875484)
2025-10-04 13:05:28,573 [FATAL] Updater:351 - Updater called before beeing initialized
2025-10-04 13:05:28,627 [WARN] DetailPanel:346 - Failed to get advertising image, set to default
2025-10-04 13:05:28,817 [FATAL] Updater:351 - Updater called before beeing initialized
2025-10-04 13:05:28,822 [FATAL] Updater:351 - Updater called before beeing initialized
2025-10-04 13:05:28,823 [FATAL] Updater:351 - Updater called before beeing initialized
2025-10-04 13:05:28,824 [WARN] DetailPanel:346 - Failed to get advertising image, set to default
2025-10-04 13:05:28,825 [FATAL] Updater:351 - Updater called before beeing initialized
2025-10-04 13:05:28,883 [ERROR] Updater:1198 - MainUpdater not yet initialized. External WinMGr cannot be set.
2025-10-04 13:05:28,895 [INFO] Updater:1134 - Updater Version found : 6.14.1
2025-10-04 13:05:28,909 [INFO] ApplicationProperties:184 - Using Application install path: /Applications/STM32CubeIDE.app/Contents/Eclipse/plugins/com.st.stm32cube.common.mx_6.14.1.202504091515
2025-10-04 13:05:29,266 [INFO] MainUpdater:2872 - connection check result : 10
2025-10-04 13:05:29,266 [INFO] MainUpdater:289 - Updater Check For Update Now.
2025-10-04 13:05:29,266 [INFO] MicroXplorer:498 - Change Database Version : DB.6.0.141
2025-10-04 13:05:29,272 [INFO] McuFinderGlobals:63 - Set McuFinder mode to 2 (CubeIDE integrated)
2025-10-04 13:05:29,272 [INFO] UserAuth:484 - Internet connection configuration mode: 1
2025-10-04 13:05:29,292 [INFO] JxBrowserEngine:152 - Initiate JxBrowser Engine with user profile folder
2025-10-04 13:05:29,525 [INFO] CheckServerUpdateThread:120 - End of CheckServer Thread
2025-10-04 13:05:30,580 [WARN] PackLoader:240 - Cannot read IP mode file for STMicroelectronics.FP-SNS-MOTENVWB1.1.4.0
2025-10-04 13:05:30,628 [WARN] PackLoader:240 - Cannot read IP mode file for STMicroelectronics.FP-ATR-ASTRA1.2.0.2
2025-10-04 13:05:30,654 [WARN] PackLoader:240 - Cannot read IP mode file for STMicroelectronics.X-CUBE-SMBUS.2.1.0
2025-10-04 13:05:30,665 [WARN] PackLoader:240 - Cannot read IP mode file for STMicroelectronics.X-CUBE-ST60.1.0.0
2025-10-04 13:05:30,727 [WARN] PackLoader:240 - Cannot read IP mode file for STMicroelectronics.X-CUBE-AZRTOS-F7.1.1.0
2025-10-04 13:05:30,811 [WARN] PackLoader:240 - Cannot read IP mode file for Infineon.AIROC-Wi-Fi-Bluetooth-STM32.1.7.0
2025-10-04 13:05:30,891 [WARN] PackLoader:240 - Cannot read IP mode file for STMicroelectronics.X-CUBE-AZRTOS-H7.3.4.0
2025-10-04 13:05:30,929 [WARN] PackLoader:240 - Cannot read IP mode file for STMicroelectronics.X-CUBE-DISPLAY.3.0.0
2025-10-04 13:05:30,961 [WARN] PackLoader:240 - Cannot read IP mode file for STMicroelectronics.X-CUBE-NFC10.1.0.0
2025-10-04 13:05:30,998 [WARN] PackLoader:240 - Cannot read IP mode file for STMicroelectronics.X-CUBE-BLEMGR.4.0.0
2025-10-04 13:05:31,025 [WARN] PackLoader:240 - Cannot read IP mode file for emotas.I-CUBE-CANOPEN.1.3.0
2025-10-04 13:05:31,038 [WARN] ConditionMgr:438 - getConditionDescription Invalid condition id : Cortex-A Device cause : null
2025-10-04 13:05:31,058 [WARN] ConditionMgr:1044 - genDependencies : Invalid condition id : Cortex-A Device cause : null
2025-10-04 13:05:31,058 [WARN] ConditionMgr:1044 - genDependencies : Invalid condition id : Cortex-A Device cause : null
2025-10-04 13:05:31,058 [WARN] ConditionMgr:1044 - genDependencies : Invalid condition id : Cortex-A Device cause : null
2025-10-04 13:05:31,063 [WARN] PackLoader:240 - Cannot read IP mode file for STMicroelectronics.X-CUBE-AI.10.0.0
2025-10-04 13:05:31,070 [ERROR] Engine:466 - /Users/sadash/.stm32cubemx/thirdparties/pdsc/STMicroelectronics.FP-SNS-STBOX1.2.1.0.pdsc: PDSC version is not supported
2025-10-04 13:05:31,081 [WARN] PackLoader:240 - Cannot read IP mode file for STMicroelectronics.FP-SNS-SMARTAG2.1.2.0
2025-10-04 13:05:31,087 [WARN] PackLoader:240 - Cannot read IP mode file for STMicroelectronics.FP-SNS-FLIGHT1.5.1.0
2025-10-04 13:05:31,096 [INFO] LogOutputStream:77 - [STDOUT_REDIRECT] 1 : Invalid condition id : UX_CORESTACK_Condition cause : null
2025-10-04 13:05:31,097 [INFO] LogOutputStream:77 - [STDOUT_REDIRECT] 1 : Invalid condition id : UX_CORESTACK_Condition cause : null
2025-10-04 13:05:31,097 [INFO] LogOutputStream:77 - [STDOUT_REDIRECT] 1 : Invalid condition id : UX_CORESTACK_Condition cause : null
2025-10-04 13:05:31,097 [INFO] LogOutputStream:77 - [STDOUT_REDIRECT] 1 : Invalid condition id : UX_CORESTACK_Condition cause : null
2025-10-04 13:05:31,097 [INFO] LogOutputStream:77 - [STDOUT_REDIRECT] 1 : Invalid condition id : UX_CORESTACK_Condition cause : null
2025-10-04 13:05:31,103 [WARN] PackLoader:240 - Cannot read IP mode file for STMicroelectronics.X-CUBE-AZRTOS-WL.2.0.0
2025-10-04 13:05:31,109 [WARN] PackLoader:240 - Cannot read IP mode file for STMicroelectronics.FP-SNS-MOTENV1.5.0.0
2025-10-04 13:05:31,124 [WARN] PackLoader:240 - Cannot read IP mode file for WES.I-CUBE-Cesium.1.3.0
2025-10-04 13:05:31,138 [WARN] PackLoader:240 - Cannot read IP mode file for STMicroelectronics.X-CUBE-BLE2.3.3.0
2025-10-04 13:05:31,150 [WARN] PackLoader:240 - Cannot read IP mode file for STMicroelectronics.X-CUBE-NFC9.1.0.0
2025-10-04 13:05:31,157 [WARN] PackLoader:240 - Cannot read IP mode file for wolfSSL.I-CUBE-wolfSSL.5.8.0
2025-10-04 13:05:31,167 [WARN] PackLoader:240 - Cannot read IP mode file for STMicroelectronics.X-CUBE-BLE1.7.1.0
2025-10-04 13:05:31,171 [WARN] PackLoader:240 - Cannot read IP mode file for wolfSSL.I-CUBE-wolfMQTT.1.19.2
2025-10-04 13:05:31,176 [WARN] PackLoader:240 - Cannot read IP mode file for STMicroelectronics.X-CUBE-EEPRMA1.5.2.0
2025-10-04 13:05:31,184 [WARN] PackLoader:240 - Cannot read IP mode file for STMicroelectronics.X-CUBE-AI.10.1.0
2025-10-04 13:05:31,280 [WARN] PackLoader:240 - Cannot read IP mode file for STMicroelectronics.X-CUBE-MEMS1.11.2.0
2025-10-04 13:05:31,422 [WARN] PackLoader:240 - Cannot read IP mode file for STMicroelectronics.X-CUBE-AZRTOS-G0.1.1.0
2025-10-04 13:05:31,447 [WARN] PackLoader:240 - Cannot read IP mode file for STMicroelectronics.X-CUBE-SAFEA1.1.2.2
2025-10-04 13:05:31,456 [WARN] PackLoader:240 - Cannot read IP mode file for STMicroelectronics.X-CUBE-NFC4.3.0.0
2025-10-04 13:05:31,472 [WARN] PackLoader:240 - Cannot read IP mode file for EmbeddedOffice.I-CUBE-FS-RTOS.1.0.1
2025-10-04 13:05:31,482 [WARN] PackLoader:240 - Cannot read IP mode file for STMicroelectronics.X-CUBE-WB05N.2.0.0
2025-10-04 13:05:31,495 [WARN] PackLoader:240 - Cannot read IP mode file for wolfSSL.I-CUBE-wolfTPM.3.8.0
2025-10-04 13:05:31,507 [WARN] PackLoader:240 - Cannot read IP mode file for STMicroelectronics.X-CUBE-TCPP.4.2.0
2025-10-04 13:05:31,514 [WARN] PackLoader:240 - Cannot read IP mode file for RealThread.X-CUBE-RT-Thread_Nano.4.1.1
2025-10-04 13:05:31,517 [WARN] PackLoader:240 - Cannot read IP mode file for STMicroelectronics.FP-ATR-SIGFOX1.3.2.0
2025-10-04 13:05:31,522 [WARN] PackLoader:240 - Cannot read IP mode file for STMicroelectronics.X-CUBE-EEPRMA1.5.1.0
2025-10-04 13:05:31,531 [WARN] PackLoader:240 - Cannot read IP mode file for ITTIA_DB.I-CUBE-ITTIADB.8.9.0
2025-10-04 13:05:31,539 [WARN] PackLoader:240 - Cannot read IP mode file for STMicroelectronics.X-CUBE-ST67W61.1.0.0
2025-10-04 13:05:31,544 [WARN] PackLoader:240 - Cannot read IP mode file for STMicroelectronics.X-CUBE-AI.10.2.0
2025-10-04 13:05:31,601 [WARN] PackLoader:240 - Cannot read IP mode file for SEGGER.I-CUBE-embOS.1.3.1
2025-10-04 13:05:31,941 [WARN] PackLoader:240 - Cannot read IP mode file for STMicroelectronics.X-CUBE-ALGOBUILD.1.4.0
2025-10-04 13:05:32,066 [WARN] PackLoader:240 - Cannot read IP mode file for STMicroelectronics.X-CUBE-MEMS1.11.3.0
2025-10-04 13:05:32,152 [WARN] PackLoader:240 - Cannot read IP mode file for STMicroelectronics.X-CUBE-PM33A1.1.0.0
2025-10-04 13:05:32,178 [WARN] PackLoader:240 - Cannot read IP mode file for STMicroelectronics.X-CUBE-AZRTOS-F4.1.1.0
2025-10-04 13:05:32,192 [WARN] PackLoader:240 - Cannot read IP mode file for Avnet-IotConnect.X-CUBE-IoTC-DA16k-PMOD.1.0.0
2025-10-04 13:05:32,195 [WARN] PackLoader:240 - Cannot read IP mode file for STMicroelectronics.X-CUBE-ISPU.2.1.0
2025-10-04 13:05:32,204 [WARN] PackLoader:240 - Cannot read IP mode file for STMicroelectronics.X-CUBE-NFC12.1.0.0
2025-10-04 13:05:32,236 [WARN] PackLoader:240 - Cannot read IP mode file for STMicroelectronics.X-CUBE-AZRTOS-L5.2.0.0
2025-10-04 13:05:32,260 [WARN] PackLoader:240 - Cannot read IP mode file for STMicroelectronics.X-CUBE-NFC6.3.1.0
2025-10-04 13:05:32,272 [WARN] PackLoader:240 - Cannot read IP mode file for STMicroelectronics.X-CUBE-FREERTOS.1.3.1
2025-10-04 13:05:32,293 [WARN] PackLoader:240 - Cannot read IP mode file for STMicroelectronics.X-CUBE-TOUCHGFX.4.26.0
2025-10-04 13:05:32,303 [WARN] PackLoader:240 - Cannot read IP mode file for STMicroelectronics.FP-SNS-STAIOTCFT.1.0.0
2025-10-04 13:05:32,310 [WARN] PackLoader:240 - Cannot read IP mode file for STMicroelectronics.X-CUBE-DPower.1.3.0
2025-10-04 13:05:32,333 [WARN] ConditionMgr:438 - getConditionDescription Invalid condition id : LAN8742 Phy interface Condition cause : null
2025-10-04 13:05:32,335 [WARN] PackLoader:240 - Cannot read IP mode file for STMicroelectronics.X-CUBE-AZRTOS-L4.2.0.0
2025-10-04 13:05:32,338 [WARN] ConditionMgr:1044 - genDependencies : Invalid condition id : LAN8742 Phy interface Condition cause : null
2025-10-04 13:05:32,338 [WARN] ConditionMgr:1044 - genDependencies : Invalid condition id : LAN8742 Phy interface Condition cause : null
2025-10-04 13:05:32,340 [WARN] ConditionMgr:1044 - genDependencies : Invalid condition id : LAN8742 Phy interface Condition cause : null
2025-10-04 13:05:32,352 [WARN] PackLoader:240 - Cannot read IP mode file for STMicroelectronics.X-CUBE-SFXS2LP1.4.0.0
2025-10-04 13:05:32,381 [WARN] PackLoader:240 - Cannot read IP mode file for STMicroelectronics.X-CUBE-AZRTOS-H7.3.3.0
2025-10-04 13:05:32,402 [WARN] PackLoader:240 - Cannot read IP mode file for STMicroelectronics.X-CUBE-BLEMGR.4.1.0
2025-10-04 13:05:32,419 [WARN] ConditionMgr:438 - getConditionDescription Invalid condition id : UX DEVICE CLASS RTOS Condition cause : null
2025-10-04 13:05:32,420 [WARN] ConditionMgr:438 - getConditionDescription Invalid condition id : UX DEVICE CLASS RTOS Condition cause : null
2025-10-04 13:05:32,424 [WARN] PackLoader:240 - Cannot read IP mode file for STMicroelectronics.X-CUBE-AZRTOS-WB.2.0.0
2025-10-04 13:05:32,425 [WARN] ConditionMgr:1044 - genDependencies : Invalid condition id : UX DEVICE CLASS RTOS Condition cause : null
2025-10-04 13:05:32,425 [WARN] ConditionMgr:1044 - genDependencies : Invalid condition id : UX DEVICE CLASS RTOS Condition cause : null
2025-10-04 13:05:32,426 [WARN] ConditionMgr:1044 - genDependencies : Invalid condition id : UX DEVICE CLASS RTOS Condition cause : null
2025-10-04 13:05:32,426 [WARN] ConditionMgr:1044 - genDependencies : Invalid condition id : UX DEVICE CLASS RTOS Condition cause : null
2025-10-04 13:05:32,426 [WARN] ConditionMgr:1044 - genDependencies : Invalid condition id : UX DEVICE CLASS RTOS Condition cause : null
2025-10-04 13:05:32,433 [WARN] PackLoader:240 - Cannot read IP mode file for STMicroelectronics.X-CUBE-GNSS1.7.0.1
2025-10-04 13:05:32,437 [WARN] PackLoader:240 - Cannot read IP mode file for STMicroelectronics.X-CUBE-TOUCHGFX.4.25.0
2025-10-04 13:05:32,445 [WARN] PackLoader:240 - Cannot read IP mode file for STMicroelectronics.FP-SNS-STBOX1.2.0.0
2025-10-04 13:05:32,458 [WARN] PackLoader:240 - Cannot read IP mode file for STMicroelectronics.X-CUBE-SUBG2.5.0.0
2025-10-04 13:05:32,486 [WARN] PackLoader:240 - Cannot read IP mode file for STMicroelectronics.X-CUBE-AZRTOS-H7RS.1.1.0
2025-10-04 13:05:32,496 [WARN] PackLoader:240 - Cannot read IP mode file for Cesanta.I-CUBE-Mongoose.7.13.0
2025-10-04 13:05:32,513 [WARN] PackLoader:240 - Cannot read IP mode file for STMicroelectronics.X-CUBE-AZRTOS-G4.2.0.0
2025-10-04 13:05:32,520 [WARN] PackLoader:240 - Cannot read IP mode file for wolfSSL.I-CUBE-wolfSSH.1.4.20
2025-10-04 13:05:32,524 [WARN] PackLoader:240 - Cannot read IP mode file for STMicroelectronics.X-CUBE-NFC7.2.0.0
2025-10-04 13:05:32,534 [WARN] PackLoader:240 - Cannot read IP mode file for STMicroelectronics.X-CUBE-IPS.3.1.0
2025-10-04 13:05:32,542 [WARN] PackLoader:240 - Cannot read IP mode file for STMicroelectronics.X-CUBE-ALS.1.0.2
2025-10-04 13:05:32,547 [WARN] PackLoader:240 - Cannot read IP mode file for STMicroelectronics.X-CUBE-STSE01.1.0.0
2025-10-04 13:05:32,554 [WARN] PackLoader:240 - Cannot read IP mode file for portGmbH.I-Cube-SoM-uGOAL.1.1.0
2025-10-04 13:05:32,568 [WARN] PackLoader:240 - Cannot read IP mode file for STMicroelectronics.X-CUBE-TOF1.3.4.3
2025-10-04 13:05:32,596 [INFO] ThirdParty:978 - Integrity check success = true
2025-10-04 13:05:32,596 [INFO] IntegrityCheckThread:100 - exiting critical section [integrity check]
2025-10-04 13:05:32,596 [INFO] IntegrityCheckThread:103 - End integrity checks thread
2025-10-04 13:05:33,703 [INFO] WebApp:169 - Instantiating new browser for Auth
2025-10-04 13:05:35,042 [INFO] WebApp:463 - Apply proxy settings
2025-10-04 13:05:35,057 [INFO] WebApp:508 - Chromium authenticates against Manually configured proxy
2025-10-04 13:05:35,073 [INFO] WebApp:516 - Username used for proxy authentication: 
2025-10-04 13:05:35,114 [INFO] WebApp:894 - Register for checkConnection events
2025-10-04 13:05:35,115 [INFO] WebApp:463 - Apply proxy settings
2025-10-04 13:05:35,118 [INFO] WebApp:508 - Chromium authenticates against Manually configured proxy
2025-10-04 13:05:35,119 [INFO] WebApp:516 - Username used for proxy authentication: 
2025-10-04 13:05:35,277 [INFO] WebApp:225 - Starting web application
2025-10-04 13:05:35,277 [INFO] WebApp:593 - Web application path used /Applications/STM32CubeIDE.app/Contents/Eclipse/plugins/com.st.stm32cube.common.mx_6.14.1.202504091515/db/plugins/mcufinder/reactClient1/index.html
2025-10-04 13:05:35,838 [INFO] WebApp:191 - Connection restablished
2025-10-04 13:05:35,945 [INFO] UserAuth:484 - Internet connection configuration mode: 1
